{"E:\\Прога\\JOPA\\game_store\\src\\pages\\ErrorPage\\ErrorPage.tsx": {"path":"E:\\Прога\\JOPA\\game_store\\src\\pages\\ErrorPage\\ErrorPage.tsx","statementMap":{"0":{"start":{"line":4,"column":2},"end":{"line":12,"column":4}}},"fnMap":{"0":{"name":"ErrorPage","decl":{"start":{"line":3,"column":24},"end":{"line":3,"column":33}},"loc":{"start":{"line":3,"column":36},"end":{"line":13,"column":1}},"line":3}},"branchMap":{},"s":{"0":1},"f":{"0":1},"b":{},"_coverageSchema":"1a1c01bbd47fc00a2c39e90264f33305004495a9","hash":"5204e5d2ed043695a94a8dc4267da3a65b24e8b1"}
}
