{"G:\\Прога\\github\\game_store\\src\\App.tsx": {"path":"G:\\Прога\\github\\game_store\\src\\App.tsx","statementMap":{"0":{"start":{"line":11,"column":2},"end":{"line":28,"column":4}}},"fnMap":{"0":{"name":"App","decl":{"start":{"line":10,"column":24},"end":{"line":10,"column":27}},"loc":{"start":{"line":10,"column":30},"end":{"line":29,"column":1}},"line":10}},"branchMap":{},"s":{"0":1},"f":{"0":1},"b":{},"_coverageSchema":"1a1c01bbd47fc00a2c39e90264f33305004495a9","hash":"d33263833755270a07d08ed09470e90becedf32c"}
,"G:\\Прога\\github\\game_store\\src\\index.tsx": {"path":"G:\\Прога\\github\\game_store\\src\\index.tsx","statementMap":{"0":{"start":{"line":7,"column":13},"end":{"line":7,"column":64}},"1":{"start":{"line":8,"column":0},"end":{"line":14,"column":2}}},"fnMap":{},"branchMap":{},"s":{"0":0,"1":0},"f":{},"b":{}}
,"G:\\Прога\\github\\game_store\\src\\components\\EditableField\\EditableField.tsx": {"path":"G:\\Прога\\github\\game_store\\src\\components\\EditableField\\EditableField.tsx","statementMap":{"0":{"start":{"line":11,"column":30},"end":{"line":11,"column":44}},"1":{"start":{"line":13,"column":38},"end":{"line":15,"column":3}},"2":{"start":{"line":14,"column":4},"end":{"line":14,"column":23}},"3":{"start":{"line":18,"column":4},"end":{"line":18,"column":34}},"4":{"start":{"line":21,"column":2},"end":{"line":34,"column":4}}},"fnMap":{"0":{"name":"EditableField","decl":{"start":{"line":10,"column":24},"end":{"line":10,"column":37}},"loc":{"start":{"line":10,"column":85},"end":{"line":35,"column":1}},"line":10},"1":{"name":"(anonymous_1)","decl":{"start":{"line":13,"column":38},"end":{"line":13,"column":39}},"loc":{"start":{"line":13,"column":44},"end":{"line":15,"column":3}},"line":13},"2":{"name":"changeHandler","decl":{"start":{"line":17,"column":11},"end":{"line":17,"column":24}},"loc":{"start":{"line":17,"column":68},"end":{"line":19,"column":3}},"line":17}},"branchMap":{},"s":{"0":0,"1":0,"2":0,"3":0,"4":0},"f":{"0":0,"1":0,"2":0},"b":{}}
,"G:\\Прога\\github\\game_store\\src\\components\\Footer\\Footer.tsx": {"path":"G:\\Прога\\github\\game_store\\src\\components\\Footer\\Footer.tsx","statementMap":{"0":{"start":{"line":4,"column":2},"end":{"line":13,"column":4}}},"fnMap":{"0":{"name":"Footer","decl":{"start":{"line":3,"column":24},"end":{"line":3,"column":30}},"loc":{"start":{"line":3,"column":33},"end":{"line":14,"column":1}},"line":3}},"branchMap":{},"s":{"0":1},"f":{"0":1},"b":{},"_coverageSchema":"1a1c01bbd47fc00a2c39e90264f33305004495a9","hash":"ac27c87275e65634b5e0f7d244d26360905efe35"}
,"G:\\Прога\\github\\game_store\\src\\components\\GameCard\\GameCard.tsx": {"path":"G:\\Прога\\github\\game_store\\src\\components\\GameCard\\GameCard.tsx","statementMap":{"0":{"start":{"line":12,"column":64},"end":{"line":12,"column":68}},"1":{"start":{"line":13,"column":27},"end":{"line":13,"column":51}},"2":{"start":{"line":14,"column":26},"end":{"line":14,"column":50}},"3":{"start":{"line":16,"column":23},"end":{"line":19,"column":3}},"4":{"start":{"line":17,"column":4},"end":{"line":17,"column":23}},"5":{"start":{"line":18,"column":4},"end":{"line":18,"column":19}},"6":{"start":{"line":21,"column":29},"end":{"line":25,"column":3}},"7":{"start":{"line":22,"column":4},"end":{"line":22,"column":23}},"8":{"start":{"line":23,"column":4},"end":{"line":23,"column":75}},"9":{"start":{"line":24,"column":4},"end":{"line":24,"column":73}},"10":{"start":{"line":27,"column":32},"end":{"line":31,"column":3}},"11":{"start":{"line":28,"column":4},"end":{"line":28,"column":23}},"12":{"start":{"line":29,"column":4},"end":{"line":29,"column":70}},"13":{"start":{"line":30,"column":4},"end":{"line":30,"column":74}},"14":{"start":{"line":33,"column":2},"end":{"line":61,"column":4}}},"fnMap":{"0":{"name":"GameCard","decl":{"start":{"line":11,"column":24},"end":{"line":11,"column":32}},"loc":{"start":{"line":11,"column":61},"end":{"line":62,"column":1}},"line":11},"1":{"name":"(anonymous_1)","decl":{"start":{"line":16,"column":23},"end":{"line":16,"column":24}},"loc":{"start":{"line":16,"column":48},"end":{"line":19,"column":3}},"line":16},"2":{"name":"(anonymous_2)","decl":{"start":{"line":21,"column":29},"end":{"line":21,"column":30}},"loc":{"start":{"line":21,"column":58},"end":{"line":25,"column":3}},"line":21},"3":{"name":"(anonymous_3)","decl":{"start":{"line":27,"column":32},"end":{"line":27,"column":33}},"loc":{"start":{"line":27,"column":61},"end":{"line":31,"column":3}},"line":27}},"branchMap":{"0":{"loc":{"start":{"line":42,"column":9},"end":{"line":42,"column":82}},"type":"cond-expr","locations":[{"start":{"line":42,"column":20},"end":{"line":42,"column":74}},{"start":{"line":42,"column":77},"end":{"line":42,"column":82}}],"line":42}},"s":{"0":4,"1":4,"2":4,"3":4,"4":1,"5":1,"6":4,"7":0,"8":0,"9":0,"10":4,"11":0,"12":0,"13":0,"14":4},"f":{"0":4,"1":1,"2":0,"3":0},"b":{"0":[4,0]},"_coverageSchema":"1a1c01bbd47fc00a2c39e90264f33305004495a9","hash":"60c63907391a8ee7a8ad95a65baae9971195da4e"}
,"G:\\Прога\\github\\game_store\\src\\components\\Header\\Header.tsx": {"path":"G:\\Прога\\github\\game_store\\src\\components\\Header\\Header.tsx","statementMap":{"0":{"start":{"line":12,"column":29},"end":{"line":12,"column":38}},"1":{"start":{"line":15,"column":2},"end":{"line":26,"column":4}}},"fnMap":{"0":{"name":"Header","decl":{"start":{"line":14,"column":24},"end":{"line":14,"column":30}},"loc":{"start":{"line":14,"column":33},"end":{"line":27,"column":1}},"line":14}},"branchMap":{},"s":{"0":1,"1":1},"f":{"0":1},"b":{},"_coverageSchema":"1a1c01bbd47fc00a2c39e90264f33305004495a9","hash":"977bd2b92adf8e3aea7f46527b49174778598691"}
,"G:\\Прога\\github\\game_store\\src\\components\\Header\\HeaderCartElem.tsx": {"path":"G:\\Прога\\github\\game_store\\src\\components\\Header\\HeaderCartElem.tsx","statementMap":{"0":{"start":{"line":10,"column":2},"end":{"line":14,"column":4}}},"fnMap":{"0":{"name":"HeaderCartElem","decl":{"start":{"line":9,"column":24},"end":{"line":9,"column":38}},"loc":{"start":{"line":9,"column":62},"end":{"line":15,"column":1}},"line":9}},"branchMap":{},"s":{"0":2},"f":{"0":2},"b":{},"_coverageSchema":"1a1c01bbd47fc00a2c39e90264f33305004495a9","hash":"1e354f578f0a92796ce578027801c9179021d66a"}
,"G:\\Прога\\github\\game_store\\src\\components\\Header\\HeaderDropdownListElem.tsx": {"path":"G:\\Прога\\github\\game_store\\src\\components\\Header\\HeaderDropdownListElem.tsx","statementMap":{"0":{"start":{"line":17,"column":30},"end":{"line":17,"column":45}},"1":{"start":{"line":18,"column":2},"end":{"line":56,"column":4}},"2":{"start":{"line":21,"column":25},"end":{"line":21,"column":40}},"3":{"start":{"line":22,"column":21},"end":{"line":22,"column":36}},"4":{"start":{"line":23,"column":24},"end":{"line":23,"column":40}},"5":{"start":{"line":24,"column":20},"end":{"line":24,"column":29}},"6":{"start":{"line":31,"column":44},"end":{"line":31,"column":48}},"7":{"start":{"line":32,"column":12},"end":{"line":49,"column":14}},"8":{"start":{"line":39,"column":24},"end":{"line":39,"column":41}},"9":{"start":{"line":41,"column":28},"end":{"line":41,"column":37}}},"fnMap":{"0":{"name":"HeaderDropdownListElem","decl":{"start":{"line":16,"column":24},"end":{"line":16,"column":46}},"loc":{"start":{"line":16,"column":75},"end":{"line":57,"column":1}},"line":16},"1":{"name":"(anonymous_1)","decl":{"start":{"line":21,"column":19},"end":{"line":21,"column":20}},"loc":{"start":{"line":21,"column":25},"end":{"line":21,"column":40}},"line":21},"2":{"name":"(anonymous_2)","decl":{"start":{"line":22,"column":15},"end":{"line":22,"column":16}},"loc":{"start":{"line":22,"column":21},"end":{"line":22,"column":36}},"line":22},"3":{"name":"(anonymous_3)","decl":{"start":{"line":23,"column":18},"end":{"line":23,"column":19}},"loc":{"start":{"line":23,"column":24},"end":{"line":23,"column":40}},"line":23},"4":{"name":"(anonymous_4)","decl":{"start":{"line":24,"column":14},"end":{"line":24,"column":15}},"loc":{"start":{"line":24,"column":20},"end":{"line":24,"column":29}},"line":24},"5":{"name":"(anonymous_5)","decl":{"start":{"line":30,"column":24},"end":{"line":30,"column":25}},"loc":{"start":{"line":30,"column":41},"end":{"line":50,"column":11}},"line":30},"6":{"name":"(anonymous_6)","decl":{"start":{"line":38,"column":22},"end":{"line":38,"column":23}},"loc":{"start":{"line":38,"column":28},"end":{"line":40,"column":23}},"line":38},"7":{"name":"(anonymous_7)","decl":{"start":{"line":41,"column":22},"end":{"line":41,"column":23}},"loc":{"start":{"line":41,"column":28},"end":{"line":41,"column":37}},"line":41}},"branchMap":{"0":{"loc":{"start":{"line":28,"column":7},"end":{"line":54,"column":7}},"type":"cond-expr","locations":[{"start":{"line":29,"column":8},"end":{"line":51,"column":14}},{"start":{"line":53,"column":8},"end":{"line":53,"column":13}}],"line":28},"1":{"loc":{"start":{"line":37,"column":18},"end":{"line":41,"column":37}},"type":"cond-expr","locations":[{"start":{"line":38,"column":22},"end":{"line":40,"column":23}},{"start":{"line":41,"column":22},"end":{"line":41,"column":37}}],"line":37}},"s":{"0":1,"1":1,"2":0,"3":0,"4":0,"5":0,"6":0,"7":0,"8":0,"9":0},"f":{"0":1,"1":0,"2":0,"3":0,"4":0,"5":0,"6":0,"7":0},"b":{"0":[0,1],"1":[0,0]},"_coverageSchema":"1a1c01bbd47fc00a2c39e90264f33305004495a9","hash":"92062d734ad8c7eefc18db5d0acb8823612dd2b6"}
,"G:\\Прога\\github\\game_store\\src\\components\\Header\\HeaderListElem.tsx": {"path":"G:\\Прога\\github\\game_store\\src\\components\\Header\\HeaderListElem.tsx","statementMap":{"0":{"start":{"line":10,"column":2},"end":{"line":14,"column":4}}},"fnMap":{"0":{"name":"HeaderListElem","decl":{"start":{"line":9,"column":24},"end":{"line":9,"column":38}},"loc":{"start":{"line":9,"column":63},"end":{"line":15,"column":1}},"line":9}},"branchMap":{},"s":{"0":1},"f":{"0":1},"b":{},"_coverageSchema":"1a1c01bbd47fc00a2c39e90264f33305004495a9","hash":"3b51020ab98014991616b1fd83e22119fe0a3bed"}
,"G:\\Прога\\github\\game_store\\src\\components\\LoginForm\\LoginForm.tsx": {"path":"G:\\Прога\\github\\game_store\\src\\components\\LoginForm\\LoginForm.tsx","statementMap":{"0":{"start":{"line":13,"column":33},"end":{"line":13,"column":45}},"1":{"start":{"line":14,"column":39},"end":{"line":14,"column":51}},"2":{"start":{"line":15,"column":30},"end":{"line":15,"column":45}},"3":{"start":{"line":17,"column":21},"end":{"line":22,"column":3}},"4":{"start":{"line":18,"column":4},"end":{"line":18,"column":23}},"5":{"start":{"line":19,"column":4},"end":{"line":21,"column":5}},"6":{"start":{"line":20,"column":6},"end":{"line":20,"column":26}},"7":{"start":{"line":24,"column":29},"end":{"line":26,"column":3}},"8":{"start":{"line":25,"column":4},"end":{"line":25,"column":36}},"9":{"start":{"line":27,"column":32},"end":{"line":29,"column":3}},"10":{"start":{"line":28,"column":4},"end":{"line":28,"column":39}},"11":{"start":{"line":31,"column":28},"end":{"line":35,"column":3}},"12":{"start":{"line":32,"column":4},"end":{"line":34,"column":70}},"13":{"start":{"line":37,"column":31},"end":{"line":42,"column":3}},"14":{"start":{"line":38,"column":4},"end":{"line":38,"column":21}},"15":{"start":{"line":39,"column":4},"end":{"line":41,"column":5}},"16":{"start":{"line":40,"column":6},"end":{"line":40,"column":22}},"17":{"start":{"line":44,"column":2},"end":{"line":81,"column":4}},"18":{"start":{"line":50,"column":27},"end":{"line":50,"column":43}},"19":{"start":{"line":51,"column":31},"end":{"line":51,"column":61}},"20":{"start":{"line":59,"column":27},"end":{"line":59,"column":42}},"21":{"start":{"line":60,"column":31},"end":{"line":60,"column":60}}},"fnMap":{"0":{"name":"LoginForm","decl":{"start":{"line":12,"column":24},"end":{"line":12,"column":33}},"loc":{"start":{"line":12,"column":71},"end":{"line":82,"column":1}},"line":12},"1":{"name":"(anonymous_1)","decl":{"start":{"line":17,"column":21},"end":{"line":17,"column":22}},"loc":{"start":{"line":17,"column":67},"end":{"line":22,"column":3}},"line":17},"2":{"name":"(anonymous_2)","decl":{"start":{"line":24,"column":29},"end":{"line":24,"column":30}},"loc":{"start":{"line":24,"column":76},"end":{"line":26,"column":3}},"line":24},"3":{"name":"(anonymous_3)","decl":{"start":{"line":27,"column":32},"end":{"line":27,"column":33}},"loc":{"start":{"line":27,"column":79},"end":{"line":29,"column":3}},"line":27},"4":{"name":"(anonymous_4)","decl":{"start":{"line":31,"column":28},"end":{"line":31,"column":29}},"loc":{"start":{"line":31,"column":34},"end":{"line":35,"column":3}},"line":31},"5":{"name":"(anonymous_5)","decl":{"start":{"line":37,"column":31},"end":{"line":37,"column":32}},"loc":{"start":{"line":37,"column":74},"end":{"line":42,"column":3}},"line":37},"6":{"name":"(anonymous_6)","decl":{"start":{"line":50,"column":21},"end":{"line":50,"column":22}},"loc":{"start":{"line":50,"column":27},"end":{"line":50,"column":43}},"line":50},"7":{"name":"(anonymous_7)","decl":{"start":{"line":51,"column":24},"end":{"line":51,"column":25}},"loc":{"start":{"line":51,"column":31},"end":{"line":51,"column":61}},"line":51},"8":{"name":"(anonymous_8)","decl":{"start":{"line":59,"column":21},"end":{"line":59,"column":22}},"loc":{"start":{"line":59,"column":27},"end":{"line":59,"column":42}},"line":59},"9":{"name":"(anonymous_9)","decl":{"start":{"line":60,"column":24},"end":{"line":60,"column":25}},"loc":{"start":{"line":60,"column":31},"end":{"line":60,"column":60}},"line":60}},"branchMap":{"0":{"loc":{"start":{"line":19,"column":4},"end":{"line":21,"column":5}},"type":"if","locations":[{"start":{"line":19,"column":4},"end":{"line":21,"column":5}},{"start":{},"end":{}}],"line":19},"1":{"loc":{"start":{"line":32,"column":4},"end":{"line":34,"column":69}},"type":"cond-expr","locations":[{"start":{"line":33,"column":8},"end":{"line":33,"column":70}},{"start":{"line":34,"column":8},"end":{"line":34,"column":69}}],"line":32},"2":{"loc":{"start":{"line":39,"column":4},"end":{"line":41,"column":5}},"type":"if","locations":[{"start":{"line":39,"column":4},"end":{"line":41,"column":5}},{"start":{},"end":{}}],"line":39},"3":{"loc":{"start":{"line":49,"column":19},"end":{"line":49,"column":67}},"type":"cond-expr","locations":[{"start":{"line":49,"column":28},"end":{"line":49,"column":46}},{"start":{"line":49,"column":49},"end":{"line":49,"column":67}}],"line":49},"4":{"loc":{"start":{"line":58,"column":19},"end":{"line":58,"column":67}},"type":"cond-expr","locations":[{"start":{"line":58,"column":28},"end":{"line":58,"column":46}},{"start":{"line":58,"column":49},"end":{"line":58,"column":67}}],"line":58}},"s":{"0":0,"1":0,"2":0,"3":0,"4":0,"5":0,"6":0,"7":0,"8":0,"9":0,"10":0,"11":0,"12":0,"13":0,"14":0,"15":0,"16":0,"17":0,"18":0,"19":0,"20":0,"21":0},"f":{"0":0,"1":0,"2":0,"3":0,"4":0,"5":0,"6":0,"7":0,"8":0,"9":0},"b":{"0":[0,0],"1":[0,0],"2":[0,0],"3":[0,0],"4":[0,0]}}
,"G:\\Прога\\github\\game_store\\src\\components\\OrdersList\\OrderListElem.tsx": {"path":"G:\\Прога\\github\\game_store\\src\\components\\OrdersList\\OrderListElem.tsx","statementMap":{"0":{"start":{"line":5,"column":2},"end":{"line":14,"column":4}}},"fnMap":{"0":{"name":"OrderListElem","decl":{"start":{"line":4,"column":24},"end":{"line":4,"column":37}},"loc":{"start":{"line":4,"column":113},"end":{"line":15,"column":1}},"line":4}},"branchMap":{},"s":{"0":0},"f":{"0":0},"b":{}}
,"G:\\Прога\\github\\game_store\\src\\components\\OrdersList\\OrdersList.tsx": {"path":"G:\\Прога\\github\\game_store\\src\\components\\OrdersList\\OrdersList.tsx","statementMap":{"0":{"start":{"line":14,"column":40},"end":{"line":14,"column":52}},"1":{"start":{"line":15,"column":24},"end":{"line":15,"column":30}},"2":{"start":{"line":17,"column":2},"end":{"line":30,"column":9}},"3":{"start":{"line":18,"column":4},"end":{"line":29,"column":6}},"4":{"start":{"line":19,"column":6},"end":{"line":28,"column":7}},"5":{"start":{"line":20,"column":8},"end":{"line":27,"column":13}},"6":{"start":{"line":23,"column":12},"end":{"line":23,"column":40}},"7":{"start":{"line":26,"column":12},"end":{"line":26,"column":30}},"8":{"start":{"line":32,"column":19},"end":{"line":32,"column":31}},"9":{"start":{"line":34,"column":28},"end":{"line":45,"column":3}},"10":{"start":{"line":35,"column":21},"end":{"line":35,"column":85}},"11":{"start":{"line":36,"column":4},"end":{"line":44,"column":5}},"12":{"start":{"line":37,"column":6},"end":{"line":39,"column":9}},"13":{"start":{"line":38,"column":8},"end":{"line":38,"column":36}},"14":{"start":{"line":41,"column":6},"end":{"line":43,"column":9}},"15":{"start":{"line":42,"column":8},"end":{"line":42,"column":41}},"16":{"start":{"line":47,"column":2},"end":{"line":90,"column":4}},"17":{"start":{"line":62,"column":14},"end":{"line":82,"column":16}},"18":{"start":{"line":67,"column":22},"end":{"line":67,"column":49}},"19":{"start":{"line":79,"column":20},"end":{"line":79,"column":95}}},"fnMap":{"0":{"name":"OrdersList","decl":{"start":{"line":13,"column":24},"end":{"line":13,"column":34}},"loc":{"start":{"line":13,"column":64},"end":{"line":91,"column":1}},"line":13},"1":{"name":"(anonymous_1)","decl":{"start":{"line":17,"column":12},"end":{"line":17,"column":13}},"loc":{"start":{"line":17,"column":18},"end":{"line":30,"column":3}},"line":17},"2":{"name":"(anonymous_2)","decl":{"start":{"line":18,"column":11},"end":{"line":18,"column":12}},"loc":{"start":{"line":18,"column":17},"end":{"line":29,"column":5}},"line":18},"3":{"name":"(anonymous_3)","decl":{"start":{"line":22,"column":16},"end":{"line":22,"column":17}},"loc":{"start":{"line":22,"column":28},"end":{"line":24,"column":11}},"line":22},"4":{"name":"(anonymous_4)","decl":{"start":{"line":25,"column":17},"end":{"line":25,"column":18}},"loc":{"start":{"line":25,"column":29},"end":{"line":27,"column":11}},"line":25},"5":{"name":"(anonymous_5)","decl":{"start":{"line":34,"column":28},"end":{"line":34,"column":29}},"loc":{"start":{"line":34,"column":49},"end":{"line":45,"column":3}},"line":34},"6":{"name":"(anonymous_6)","decl":{"start":{"line":37,"column":23},"end":{"line":37,"column":24}},"loc":{"start":{"line":37,"column":46},"end":{"line":39,"column":7}},"line":37},"7":{"name":"(anonymous_7)","decl":{"start":{"line":41,"column":23},"end":{"line":41,"column":24}},"loc":{"start":{"line":41,"column":46},"end":{"line":43,"column":7}},"line":41},"8":{"name":"(anonymous_8)","decl":{"start":{"line":61,"column":29},"end":{"line":61,"column":30}},"loc":{"start":{"line":61,"column":39},"end":{"line":83,"column":13}},"line":61},"9":{"name":"(anonymous_9)","decl":{"start":{"line":66,"column":29},"end":{"line":66,"column":30}},"loc":{"start":{"line":66,"column":35},"end":{"line":68,"column":21}},"line":66},"10":{"name":"(anonymous_10)","decl":{"start":{"line":78,"column":34},"end":{"line":78,"column":35}},"loc":{"start":{"line":78,"column":60},"end":{"line":80,"column":19}},"line":78}},"branchMap":{"0":{"loc":{"start":{"line":19,"column":6},"end":{"line":28,"column":7}},"type":"if","locations":[{"start":{"line":19,"column":6},"end":{"line":28,"column":7}},{"start":{},"end":{}}],"line":19},"1":{"loc":{"start":{"line":36,"column":4},"end":{"line":44,"column":5}},"type":"if","locations":[{"start":{"line":36,"column":4},"end":{"line":44,"column":5}},{"start":{"line":40,"column":11},"end":{"line":44,"column":5}}],"line":36},"2":{"loc":{"start":{"line":47,"column":9},"end":{"line":90,"column":3}},"type":"cond-expr","locations":[{"start":{"line":48,"column":4},"end":{"line":87,"column":7}},{"start":{"line":89,"column":4},"end":{"line":89,"column":9}}],"line":47}},"s":{"0":0,"1":0,"2":0,"3":0,"4":0,"5":0,"6":0,"7":0,"8":0,"9":0,"10":0,"11":0,"12":0,"13":0,"14":0,"15":0,"16":0,"17":0,"18":0,"19":0},"f":{"0":0,"1":0,"2":0,"3":0,"4":0,"5":0,"6":0,"7":0,"8":0,"9":0,"10":0},"b":{"0":[0,0],"1":[0,0],"2":[0,0]}}
,"G:\\Прога\\github\\game_store\\src\\components\\SerachResult\\SearchResult.tsx": {"path":"G:\\Прога\\github\\game_store\\src\\components\\SerachResult\\SearchResult.tsx","statementMap":{"0":{"start":{"line":11,"column":2},"end":{"line":17,"column":4}},"1":{"start":{"line":14,"column":8},"end":{"line":14,"column":75}}},"fnMap":{"0":{"name":"SearchResult","decl":{"start":{"line":10,"column":24},"end":{"line":10,"column":36}},"loc":{"start":{"line":10,"column":66},"end":{"line":18,"column":1}},"line":10},"1":{"name":"(anonymous_1)","decl":{"start":{"line":13,"column":17},"end":{"line":13,"column":18}},"loc":{"start":{"line":14,"column":8},"end":{"line":14,"column":75}},"line":14}},"branchMap":{},"s":{"0":1,"1":0},"f":{"0":1,"1":0},"b":{},"_coverageSchema":"1a1c01bbd47fc00a2c39e90264f33305004495a9","hash":"8d85ef178a2e746aee7abfc49849f6710c527955"}
,"G:\\Прога\\github\\game_store\\src\\components\\UserInformation\\UserInformation.tsx": {"path":"G:\\Прога\\github\\game_store\\src\\components\\UserInformation\\UserInformation.tsx","statementMap":{"0":{"start":{"line":13,"column":50},"end":{"line":13,"column":58}},"1":{"start":{"line":14,"column":40},"end":{"line":14,"column":54}},"2":{"start":{"line":15,"column":34},"end":{"line":15,"column":73}},"3":{"start":{"line":17,"column":23},"end":{"line":19,"column":3}},"4":{"start":{"line":18,"column":4},"end":{"line":18,"column":33}},"5":{"start":{"line":21,"column":2},"end":{"line":27,"column":17}},"6":{"start":{"line":22,"column":4},"end":{"line":26,"column":5}},"7":{"start":{"line":23,"column":6},"end":{"line":25,"column":7}},"8":{"start":{"line":24,"column":8},"end":{"line":24,"column":33}},"9":{"start":{"line":29,"column":28},"end":{"line":31,"column":3}},"10":{"start":{"line":30,"column":4},"end":{"line":30,"column":55}},"11":{"start":{"line":33,"column":35},"end":{"line":35,"column":3}},"12":{"start":{"line":34,"column":4},"end":{"line":34,"column":62}},"13":{"start":{"line":37,"column":30},"end":{"line":52,"column":3}},"14":{"start":{"line":38,"column":17},"end":{"line":38,"column":41}},"15":{"start":{"line":39,"column":19},"end":{"line":39,"column":35}},"16":{"start":{"line":40,"column":4},"end":{"line":50,"column":6}},"17":{"start":{"line":41,"column":6},"end":{"line":49,"column":7}},"18":{"start":{"line":42,"column":8},"end":{"line":46,"column":9}},"19":{"start":{"line":43,"column":10},"end":{"line":43,"column":72}},"20":{"start":{"line":45,"column":10},"end":{"line":45,"column":27}},"21":{"start":{"line":48,"column":8},"end":{"line":48,"column":32}},"22":{"start":{"line":51,"column":4},"end":{"line":51,"column":31}},"23":{"start":{"line":54,"column":2},"end":{"line":102,"column":4}}},"fnMap":{"0":{"name":"UserInformation","decl":{"start":{"line":12,"column":24},"end":{"line":12,"column":39}},"loc":{"start":{"line":12,"column":86},"end":{"line":103,"column":1}},"line":12},"1":{"name":"(anonymous_1)","decl":{"start":{"line":17,"column":23},"end":{"line":17,"column":24}},"loc":{"start":{"line":17,"column":29},"end":{"line":19,"column":3}},"line":17},"2":{"name":"(anonymous_2)","decl":{"start":{"line":21,"column":12},"end":{"line":21,"column":13}},"loc":{"start":{"line":21,"column":18},"end":{"line":27,"column":3}},"line":21},"3":{"name":"(anonymous_3)","decl":{"start":{"line":29,"column":28},"end":{"line":29,"column":29}},"loc":{"start":{"line":29,"column":72},"end":{"line":31,"column":3}},"line":29},"4":{"name":"(anonymous_4)","decl":{"start":{"line":33,"column":35},"end":{"line":33,"column":36}},"loc":{"start":{"line":33,"column":82},"end":{"line":35,"column":3}},"line":33},"5":{"name":"(anonymous_5)","decl":{"start":{"line":37,"column":30},"end":{"line":37,"column":31}},"loc":{"start":{"line":37,"column":74},"end":{"line":52,"column":3}},"line":37},"6":{"name":"(anonymous_6)","decl":{"start":{"line":40,"column":23},"end":{"line":40,"column":24}},"loc":{"start":{"line":40,"column":35},"end":{"line":50,"column":5}},"line":40}},"branchMap":{"0":{"loc":{"start":{"line":22,"column":4},"end":{"line":26,"column":5}},"type":"if","locations":[{"start":{"line":22,"column":4},"end":{"line":26,"column":5}},{"start":{},"end":{}}],"line":22},"1":{"loc":{"start":{"line":23,"column":6},"end":{"line":25,"column":7}},"type":"if","locations":[{"start":{"line":23,"column":6},"end":{"line":25,"column":7}},{"start":{},"end":{}}],"line":23},"2":{"loc":{"start":{"line":23,"column":10},"end":{"line":23,"column":99}},"type":"binary-expr","locations":[{"start":{"line":23,"column":10},"end":{"line":23,"column":35}},{"start":{"line":23,"column":39},"end":{"line":23,"column":60}},{"start":{"line":23,"column":64},"end":{"line":23,"column":99}}],"line":23},"3":{"loc":{"start":{"line":41,"column":6},"end":{"line":49,"column":7}},"type":"if","locations":[{"start":{"line":41,"column":6},"end":{"line":49,"column":7}},{"start":{"line":47,"column":13},"end":{"line":49,"column":7}}],"line":41},"4":{"loc":{"start":{"line":42,"column":8},"end":{"line":46,"column":9}},"type":"if","locations":[{"start":{"line":42,"column":8},"end":{"line":46,"column":9}},{"start":{"line":44,"column":15},"end":{"line":46,"column":9}}],"line":42},"5":{"loc":{"start":{"line":58,"column":20},"end":{"line":58,"column":66}},"type":"cond-expr","locations":[{"start":{"line":58,"column":38},"end":{"line":58,"column":53}},{"start":{"line":58,"column":56},"end":{"line":58,"column":66}}],"line":58},"6":{"loc":{"start":{"line":59,"column":44},"end":{"line":59,"column":85}},"type":"cond-expr","locations":[{"start":{"line":59,"column":55},"end":{"line":59,"column":80}},{"start":{"line":59,"column":83},"end":{"line":59,"column":85}}],"line":59},"7":{"loc":{"start":{"line":94,"column":13},"end":{"line":94,"column":39}},"type":"cond-expr","locations":[{"start":{"line":94,"column":24},"end":{"line":94,"column":30}},{"start":{"line":94,"column":33},"end":{"line":94,"column":39}}],"line":94}},"s":{"0":0,"1":0,"2":0,"3":0,"4":0,"5":0,"6":0,"7":0,"8":0,"9":0,"10":0,"11":0,"12":0,"13":0,"14":0,"15":0,"16":0,"17":0,"18":0,"19":0,"20":0,"21":0,"22":0,"23":0},"f":{"0":0,"1":0,"2":0,"3":0,"4":0,"5":0,"6":0},"b":{"0":[0,0],"1":[0,0],"2":[0,0,0],"3":[0,0],"4":[0,0],"5":[0,0],"6":[0,0],"7":[0,0]}}
,"G:\\Прога\\github\\game_store\\src\\components\\UserReview\\PlatformSupport.tsx": {"path":"G:\\Прога\\github\\game_store\\src\\components\\UserReview\\PlatformSupport.tsx","statementMap":{"0":{"start":{"line":8,"column":2},"end":{"line":12,"column":4}}},"fnMap":{"0":{"name":"PlatformSupport","decl":{"start":{"line":7,"column":24},"end":{"line":7,"column":39}},"loc":{"start":{"line":7,"column":58},"end":{"line":13,"column":1}},"line":7}},"branchMap":{"0":{"loc":{"start":{"line":8,"column":9},"end":{"line":12,"column":3}},"type":"cond-expr","locations":[{"start":{"line":9,"column":4},"end":{"line":9,"column":74}},{"start":{"line":11,"column":4},"end":{"line":11,"column":75}}],"line":8}},"s":{"0":0},"f":{"0":0},"b":{"0":[0,0]},"_coverageSchema":"1a1c01bbd47fc00a2c39e90264f33305004495a9","hash":"8a8941dbde04d54c765aaef539900026abb43098"}
,"G:\\Прога\\github\\game_store\\src\\components\\UserReview\\UserReview.tsx": {"path":"G:\\Прога\\github\\game_store\\src\\components\\UserReview\\UserReview.tsx","statementMap":{"0":{"start":{"line":11,"column":41},"end":{"line":11,"column":52}},"1":{"start":{"line":12,"column":22},"end":{"line":12,"column":46}},"2":{"start":{"line":14,"column":27},"end":{"line":25,"column":3}},"3":{"start":{"line":15,"column":18},"end":{"line":17,"column":41}},"4":{"start":{"line":18,"column":17},"end":{"line":18,"column":18}},"5":{"start":{"line":19,"column":4},"end":{"line":23,"column":5}},"6":{"start":{"line":19,"column":17},"end":{"line":19,"column":18}},"7":{"start":{"line":20,"column":6},"end":{"line":22,"column":7}},"8":{"start":{"line":21,"column":8},"end":{"line":21,"column":39}},"9":{"start":{"line":24,"column":4},"end":{"line":24,"column":53}},"10":{"start":{"line":27,"column":2},"end":{"line":32,"column":5}},"11":{"start":{"line":28,"column":4},"end":{"line":28,"column":23}},"12":{"start":{"line":29,"column":4},"end":{"line":31,"column":7}},"13":{"start":{"line":30,"column":6},"end":{"line":30,"column":25}},"14":{"start":{"line":35,"column":4},"end":{"line":35,"column":93}},"15":{"start":{"line":39,"column":4},"end":{"line":39,"column":23}},"16":{"start":{"line":40,"column":4},"end":{"line":42,"column":5}},"17":{"start":{"line":41,"column":6},"end":{"line":41,"column":25}},"18":{"start":{"line":45,"column":2},"end":{"line":84,"column":4}},"19":{"start":{"line":48,"column":79},"end":{"line":48,"column":85}},"20":{"start":{"line":49,"column":8},"end":{"line":81,"column":10}}},"fnMap":{"0":{"name":"UserReview","decl":{"start":{"line":10,"column":24},"end":{"line":10,"column":34}},"loc":{"start":{"line":10,"column":56},"end":{"line":85,"column":1}},"line":10},"1":{"name":"(anonymous_1)","decl":{"start":{"line":14,"column":27},"end":{"line":14,"column":28}},"loc":{"start":{"line":14,"column":33},"end":{"line":25,"column":3}},"line":14},"2":{"name":"(anonymous_2)","decl":{"start":{"line":27,"column":12},"end":{"line":27,"column":13}},"loc":{"start":{"line":27,"column":18},"end":{"line":32,"column":3}},"line":27},"3":{"name":"(anonymous_3)","decl":{"start":{"line":29,"column":31},"end":{"line":29,"column":32}},"loc":{"start":{"line":29,"column":37},"end":{"line":31,"column":5}},"line":29},"4":{"name":"nextSlideHandler","decl":{"start":{"line":34,"column":11},"end":{"line":34,"column":27}},"loc":{"start":{"line":34,"column":30},"end":{"line":36,"column":3}},"line":34},"5":{"name":"nextSlideHandlerByKeyboard","decl":{"start":{"line":38,"column":11},"end":{"line":38,"column":37}},"loc":{"start":{"line":38,"column":62},"end":{"line":43,"column":3}},"line":38},"6":{"name":"(anonymous_6)","decl":{"start":{"line":47,"column":19},"end":{"line":47,"column":20}},"loc":{"start":{"line":47,"column":38},"end":{"line":82,"column":7}},"line":47}},"branchMap":{"0":{"loc":{"start":{"line":20,"column":6},"end":{"line":22,"column":7}},"type":"if","locations":[{"start":{"line":20,"column":6},"end":{"line":22,"column":7}},{"start":{},"end":{}}],"line":20},"1":{"loc":{"start":{"line":35,"column":4},"end":{"line":35,"column":92}},"type":"cond-expr","locations":[{"start":{"line":35,"column":43},"end":{"line":35,"column":75}},{"start":{"line":35,"column":78},"end":{"line":35,"column":92}}],"line":35},"2":{"loc":{"start":{"line":40,"column":4},"end":{"line":42,"column":5}},"type":"if","locations":[{"start":{"line":40,"column":4},"end":{"line":42,"column":5}},{"start":{},"end":{}}],"line":40},"3":{"loc":{"start":{"line":53,"column":14},"end":{"line":53,"column":115}},"type":"cond-expr","locations":[{"start":{"line":53,"column":41},"end":{"line":53,"column":110}},{"start":{"line":53,"column":113},"end":{"line":53,"column":115}}],"line":53},"4":{"loc":{"start":{"line":76,"column":24},"end":{"line":76,"column":63}},"type":"cond-expr","locations":[{"start":{"line":76,"column":51},"end":{"line":76,"column":56}},{"start":{"line":76,"column":59},"end":{"line":76,"column":63}}],"line":76}},"s":{"0":1,"1":1,"2":1,"3":1,"4":1,"5":1,"6":1,"7":0,"8":0,"9":1,"10":1,"11":1,"12":1,"13":0,"14":0,"15":0,"16":0,"17":0,"18":1,"19":0,"20":0},"f":{"0":1,"1":1,"2":1,"3":0,"4":0,"5":0,"6":0},"b":{"0":[0,0],"1":[0,0],"2":[0,0],"3":[0,0],"4":[0,0]},"_coverageSchema":"1a1c01bbd47fc00a2c39e90264f33305004495a9","hash":"dd58a25b43b4f3900df1789e3e984a30dd69d1d5"}
,"G:\\Прога\\github\\game_store\\src\\consts\\APIURL.tsx": {"path":"G:\\Прога\\github\\game_store\\src\\consts\\APIURL.tsx","statementMap":{},"fnMap":{},"branchMap":{},"s":{},"f":{},"b":{},"_coverageSchema":"1a1c01bbd47fc00a2c39e90264f33305004495a9","hash":"4e9a53524c6057958e2bd7df122968e584cf88a3"}
,"G:\\Прога\\github\\game_store\\src\\consts\\categories.tsx": {"path":"G:\\Прога\\github\\game_store\\src\\consts\\categories.tsx","statementMap":{"0":{"start":{"line":11,"column":26},"end":{"line":15,"column":1}}},"fnMap":{},"branchMap":{},"s":{"0":1},"f":{},"b":{},"_coverageSchema":"1a1c01bbd47fc00a2c39e90264f33305004495a9","hash":"3b57dad787111c7181846f53a4f13f61d843a243"}
,"G:\\Прога\\github\\game_store\\src\\consts\\filterForm.ts": {"path":"G:\\Прога\\github\\game_store\\src\\consts\\filterForm.ts","statementMap":{},"fnMap":{},"branchMap":{},"s":{},"f":{},"b":{}}
,"G:\\Прога\\github\\game_store\\src\\consts\\routes.tsx": {"path":"G:\\Прога\\github\\game_store\\src\\consts\\routes.tsx","statementMap":{"0":{"start":{"line":5,"column":39},"end":{"line":5,"column":48}},"1":{"start":{"line":6,"column":18},"end":{"line":6,"column":74}},"2":{"start":{"line":6,"column":35},"end":{"line":6,"column":73}},"3":{"start":{"line":7,"column":17},"end":{"line":7,"column":71}},"4":{"start":{"line":7,"column":34},"end":{"line":7,"column":70}},"5":{"start":{"line":8,"column":21},"end":{"line":8,"column":83}},"6":{"start":{"line":8,"column":38},"end":{"line":8,"column":82}},"7":{"start":{"line":9,"column":17},"end":{"line":9,"column":71}},"8":{"start":{"line":9,"column":34},"end":{"line":9,"column":70}},"9":{"start":{"line":17,"column":32},"end":{"line":39,"column":1}}},"fnMap":{"0":{"name":"(anonymous_0)","decl":{"start":{"line":6,"column":29},"end":{"line":6,"column":30}},"loc":{"start":{"line":6,"column":35},"end":{"line":6,"column":73}},"line":6},"1":{"name":"(anonymous_1)","decl":{"start":{"line":7,"column":28},"end":{"line":7,"column":29}},"loc":{"start":{"line":7,"column":34},"end":{"line":7,"column":70}},"line":7},"2":{"name":"(anonymous_2)","decl":{"start":{"line":8,"column":32},"end":{"line":8,"column":33}},"loc":{"start":{"line":8,"column":38},"end":{"line":8,"column":82}},"line":8},"3":{"name":"(anonymous_3)","decl":{"start":{"line":9,"column":28},"end":{"line":9,"column":29}},"loc":{"start":{"line":9,"column":34},"end":{"line":9,"column":70}},"line":9}},"branchMap":{},"s":{"0":1,"1":1,"2":0,"3":1,"4":0,"5":1,"6":0,"7":1,"8":0,"9":1},"f":{"0":0,"1":0,"2":0,"3":0},"b":{},"_coverageSchema":"1a1c01bbd47fc00a2c39e90264f33305004495a9","hash":"cfe581e8edb488a154a50ac7a0b2e9c70753f5c5"}
,"G:\\Прога\\github\\game_store\\src\\consts\\routesURL.tsx": {"path":"G:\\Прога\\github\\game_store\\src\\consts\\routesURL.tsx","statementMap":{},"fnMap":{},"branchMap":{},"s":{},"f":{},"b":{},"_coverageSchema":"1a1c01bbd47fc00a2c39e90264f33305004495a9","hash":"589d2a367ff06cfef4c15fb363fbabe79413f5c9"}
,"G:\\Прога\\github\\game_store\\src\\forms\\FilterForm\\AgeForm.tsx": {"path":"G:\\Прога\\github\\game_store\\src\\forms\\FilterForm\\AgeForm.tsx","statementMap":{"0":{"start":{"line":10,"column":29},"end":{"line":13,"column":3}},"1":{"start":{"line":11,"column":18},"end":{"line":11,"column":40}},"2":{"start":{"line":12,"column":4},"end":{"line":12,"column":20}},"3":{"start":{"line":15,"column":2},"end":{"line":36,"column":4}}},"fnMap":{"0":{"name":"AgeForm","decl":{"start":{"line":9,"column":24},"end":{"line":9,"column":31}},"loc":{"start":{"line":9,"column":59},"end":{"line":37,"column":1}},"line":9},"1":{"name":"(anonymous_1)","decl":{"start":{"line":10,"column":29},"end":{"line":10,"column":30}},"loc":{"start":{"line":10,"column":74},"end":{"line":13,"column":3}},"line":10}},"branchMap":{},"s":{"0":0,"1":0,"2":0,"3":0},"f":{"0":0,"1":0},"b":{}}
,"G:\\Прога\\github\\game_store\\src\\forms\\FilterForm\\FilterForm.tsx": {"path":"G:\\Прога\\github\\game_store\\src\\forms\\FilterForm\\FilterForm.tsx","statementMap":{"0":{"start":{"line":15,"column":42},"end":{"line":20,"column":4}},"1":{"start":{"line":22,"column":27},"end":{"line":24,"column":3}},"2":{"start":{"line":23,"column":4},"end":{"line":23,"column":58}},"3":{"start":{"line":25,"column":30},"end":{"line":27,"column":3}},"4":{"start":{"line":26,"column":4},"end":{"line":26,"column":55}},"5":{"start":{"line":28,"column":28},"end":{"line":30,"column":3}},"6":{"start":{"line":29,"column":4},"end":{"line":29,"column":54}},"7":{"start":{"line":31,"column":30},"end":{"line":33,"column":3}},"8":{"start":{"line":32,"column":4},"end":{"line":32,"column":56}},"9":{"start":{"line":35,"column":2},"end":{"line":37,"column":21}},"10":{"start":{"line":36,"column":4},"end":{"line":36,"column":29}},"11":{"start":{"line":39,"column":2},"end":{"line":46,"column":15}},"12":{"start":{"line":40,"column":4},"end":{"line":45,"column":7}},"13":{"start":{"line":48,"column":2},"end":{"line":55,"column":4}}},"fnMap":{"0":{"name":"FilterForm","decl":{"start":{"line":14,"column":24},"end":{"line":14,"column":34}},"loc":{"start":{"line":14,"column":67},"end":{"line":56,"column":1}},"line":14},"1":{"name":"(anonymous_1)","decl":{"start":{"line":22,"column":27},"end":{"line":22,"column":28}},"loc":{"start":{"line":22,"column":44},"end":{"line":24,"column":3}},"line":22},"2":{"name":"(anonymous_2)","decl":{"start":{"line":25,"column":30},"end":{"line":25,"column":31}},"loc":{"start":{"line":25,"column":49},"end":{"line":27,"column":3}},"line":25},"3":{"name":"(anonymous_3)","decl":{"start":{"line":28,"column":28},"end":{"line":28,"column":29}},"loc":{"start":{"line":28,"column":47},"end":{"line":30,"column":3}},"line":28},"4":{"name":"(anonymous_4)","decl":{"start":{"line":31,"column":30},"end":{"line":31,"column":31}},"loc":{"start":{"line":31,"column":49},"end":{"line":33,"column":3}},"line":31},"5":{"name":"(anonymous_5)","decl":{"start":{"line":35,"column":12},"end":{"line":35,"column":13}},"loc":{"start":{"line":35,"column":18},"end":{"line":37,"column":3}},"line":35},"6":{"name":"(anonymous_6)","decl":{"start":{"line":39,"column":12},"end":{"line":39,"column":13}},"loc":{"start":{"line":39,"column":18},"end":{"line":46,"column":3}},"line":39}},"branchMap":{},"s":{"0":0,"1":0,"2":0,"3":0,"4":0,"5":0,"6":0,"7":0,"8":0,"9":0,"10":0,"11":0,"12":0,"13":0},"f":{"0":0,"1":0,"2":0,"3":0,"4":0,"5":0,"6":0},"b":{}}
,"G:\\Прога\\github\\game_store\\src\\forms\\FilterForm\\GenresForm.tsx": {"path":"G:\\Прога\\github\\game_store\\src\\forms\\FilterForm\\GenresForm.tsx","statementMap":{"0":{"start":{"line":11,"column":29},"end":{"line":14,"column":3}},"1":{"start":{"line":12,"column":18},"end":{"line":12,"column":42}},"2":{"start":{"line":13,"column":4},"end":{"line":13,"column":20}},"3":{"start":{"line":16,"column":2},"end":{"line":40,"column":4}}},"fnMap":{"0":{"name":"GenresForm","decl":{"start":{"line":10,"column":24},"end":{"line":10,"column":34}},"loc":{"start":{"line":10,"column":64},"end":{"line":41,"column":1}},"line":10},"1":{"name":"(anonymous_1)","decl":{"start":{"line":11,"column":29},"end":{"line":11,"column":30}},"loc":{"start":{"line":11,"column":74},"end":{"line":14,"column":3}},"line":11}},"branchMap":{},"s":{"0":0,"1":0,"2":0,"3":0},"f":{"0":0,"1":0},"b":{}}
,"G:\\Прога\\github\\game_store\\src\\forms\\FilterForm\\NameForm.tsx": {"path":"G:\\Прога\\github\\game_store\\src\\forms\\FilterForm\\NameForm.tsx","statementMap":{"0":{"start":{"line":9,"column":26},"end":{"line":11,"column":3}},"1":{"start":{"line":10,"column":4},"end":{"line":10,"column":20}},"2":{"start":{"line":13,"column":2},"end":{"line":26,"column":4}},"3":{"start":{"line":21,"column":25},"end":{"line":21,"column":53}},"4":{"start":{"line":22,"column":10},"end":{"line":22,"column":40}}},"fnMap":{"0":{"name":"NameForm","decl":{"start":{"line":8,"column":24},"end":{"line":8,"column":32}},"loc":{"start":{"line":8,"column":61},"end":{"line":27,"column":1}},"line":8},"1":{"name":"(anonymous_1)","decl":{"start":{"line":9,"column":26},"end":{"line":9,"column":27}},"loc":{"start":{"line":9,"column":45},"end":{"line":11,"column":3}},"line":9},"2":{"name":"(anonymous_2)","decl":{"start":{"line":20,"column":18},"end":{"line":20,"column":19}},"loc":{"start":{"line":20,"column":25},"end":{"line":23,"column":9}},"line":20}},"branchMap":{},"s":{"0":0,"1":0,"2":0,"3":0,"4":0},"f":{"0":0,"1":0,"2":0},"b":{}}
,"G:\\Прога\\github\\game_store\\src\\forms\\FilterForm\\RatingForm.tsx": {"path":"G:\\Прога\\github\\game_store\\src\\forms\\FilterForm\\RatingForm.tsx","statementMap":{"0":{"start":{"line":10,"column":29},"end":{"line":13,"column":3}},"1":{"start":{"line":11,"column":18},"end":{"line":11,"column":42}},"2":{"start":{"line":12,"column":4},"end":{"line":12,"column":20}},"3":{"start":{"line":14,"column":2},"end":{"line":35,"column":4}}},"fnMap":{"0":{"name":"RatingForm","decl":{"start":{"line":9,"column":24},"end":{"line":9,"column":34}},"loc":{"start":{"line":9,"column":65},"end":{"line":36,"column":1}},"line":9},"1":{"name":"(anonymous_1)","decl":{"start":{"line":10,"column":29},"end":{"line":10,"column":30}},"loc":{"start":{"line":10,"column":74},"end":{"line":13,"column":3}},"line":10}},"branchMap":{},"s":{"0":0,"1":0,"2":0,"3":0},"f":{"0":0,"1":0},"b":{}}
,"G:\\Прога\\github\\game_store\\src\\handlers\\imgErrorHandler.ts": {"path":"G:\\Прога\\github\\game_store\\src\\handlers\\imgErrorHandler.ts","statementMap":{"0":{"start":{"line":3,"column":31},"end":{"line":8,"column":1}},"1":{"start":{"line":4,"column":2},"end":{"line":4,"column":21}},"2":{"start":{"line":5,"column":2},"end":{"line":7,"column":3}},"3":{"start":{"line":6,"column":4},"end":{"line":6,"column":49}}},"fnMap":{"0":{"name":"(anonymous_0)","decl":{"start":{"line":3,"column":31},"end":{"line":3,"column":32}},"loc":{"start":{"line":3,"column":85},"end":{"line":8,"column":1}},"line":3}},"branchMap":{"0":{"loc":{"start":{"line":5,"column":2},"end":{"line":7,"column":3}},"type":"if","locations":[{"start":{"line":5,"column":2},"end":{"line":7,"column":3}},{"start":{},"end":{}}],"line":5}},"s":{"0":1,"1":0,"2":0,"3":0},"f":{"0":0},"b":{"0":[0,0]},"_coverageSchema":"1a1c01bbd47fc00a2c39e90264f33305004495a9","hash":"f9f90c0ea9922c761670650b49f6e414c9fa8c94"}
,"G:\\Прога\\github\\game_store\\src\\hooks\\useDebounce.tsx": {"path":"G:\\Прога\\github\\game_store\\src\\hooks\\useDebounce.tsx","statementMap":{"0":{"start":{"line":6,"column":42},"end":{"line":10,"column":3}},"1":{"start":{"line":8,"column":6},"end":{"line":8,"column":15}},"2":{"start":{"line":12,"column":4},"end":{"line":12,"column":33}},"3":{"start":{"line":13,"column":20},"end":{"line":13,"column":57}},"4":{"start":{"line":14,"column":4},"end":{"line":14,"column":27}},"5":{"start":{"line":16,"column":2},"end":{"line":16,"column":24}}},"fnMap":{"0":{"name":"useDebounce","decl":{"start":{"line":5,"column":16},"end":{"line":5,"column":27}},"loc":{"start":{"line":5,"column":79},"end":{"line":17,"column":1}},"line":5},"1":{"name":"(anonymous_1)","decl":{"start":{"line":7,"column":15},"end":{"line":7,"column":16}},"loc":{"start":{"line":7,"column":21},"end":{"line":9,"column":5}},"line":7},"2":{"name":"setNewDebounce","decl":{"start":{"line":11,"column":11},"end":{"line":11,"column":25}},"loc":{"start":{"line":11,"column":39},"end":{"line":15,"column":3}},"line":11}},"branchMap":{},"s":{"0":0,"1":0,"2":0,"3":0,"4":0,"5":0},"f":{"0":0,"1":0,"2":0},"b":{}}
,"G:\\Прога\\github\\game_store\\src\\hooks\\useTypedDispatch.ts": {"path":"G:\\Прога\\github\\game_store\\src\\hooks\\useTypedDispatch.ts","statementMap":{"0":{"start":{"line":4,"column":30},"end":{"line":4,"column":62}},"1":{"start":{"line":4,"column":36},"end":{"line":4,"column":62}}},"fnMap":{"0":{"name":"(anonymous_0)","decl":{"start":{"line":4,"column":30},"end":{"line":4,"column":31}},"loc":{"start":{"line":4,"column":36},"end":{"line":4,"column":62}},"line":4}},"branchMap":{},"s":{"0":1,"1":2},"f":{"0":2},"b":{},"_coverageSchema":"1a1c01bbd47fc00a2c39e90264f33305004495a9","hash":"28cedacaf09f0c577152c98a594bd5ff1cd3f732"}
,"G:\\Прога\\github\\game_store\\src\\hooks\\useTypedSelector.ts": {"path":"G:\\Прога\\github\\game_store\\src\\hooks\\useTypedSelector.ts","statementMap":{"0":{"start":{"line":4,"column":71},"end":{"line":4,"column":82}}},"fnMap":{},"branchMap":{},"s":{"0":0},"f":{},"b":{}}
,"G:\\Прога\\github\\game_store\\src\\pages\\CartPage\\CartPage.tsx": {"path":"G:\\Прога\\github\\game_store\\src\\pages\\CartPage\\CartPage.tsx","statementMap":{"0":{"start":{"line":12,"column":19},"end":{"line":12,"column":35}},"1":{"start":{"line":13,"column":51},"end":{"line":13,"column":90}},"2":{"start":{"line":13,"column":79},"end":{"line":13,"column":89}},"3":{"start":{"line":14,"column":30},"end":{"line":14,"column":69}},"4":{"start":{"line":14,"column":58},"end":{"line":14,"column":68}},"5":{"start":{"line":15,"column":23},"end":{"line":15,"column":29}},"6":{"start":{"line":16,"column":19},"end":{"line":16,"column":28}},"7":{"start":{"line":18,"column":28},"end":{"line":28,"column":3}},"8":{"start":{"line":19,"column":4},"end":{"line":27,"column":9}},"9":{"start":{"line":22,"column":8},"end":{"line":22,"column":27}},"10":{"start":{"line":23,"column":8},"end":{"line":23,"column":48}},"11":{"start":{"line":26,"column":8},"end":{"line":26,"column":30}},"12":{"start":{"line":30,"column":31},"end":{"line":32,"column":3}},"13":{"start":{"line":31,"column":4},"end":{"line":31,"column":43}},"14":{"start":{"line":34,"column":27},"end":{"line":36,"column":3}},"15":{"start":{"line":35,"column":4},"end":{"line":35,"column":26}},"16":{"start":{"line":38,"column":26},"end":{"line":41,"column":3}},"17":{"start":{"line":39,"column":4},"end":{"line":39,"column":23}},"18":{"start":{"line":40,"column":4},"end":{"line":40,"column":34}},"19":{"start":{"line":43,"column":2},"end":{"line":102,"column":6}},"20":{"start":{"line":44,"column":4},"end":{"line":102,"column":6}},"21":{"start":{"line":58,"column":14},"end":{"line":77,"column":16}},"22":{"start":{"line":70,"column":24},"end":{"line":70,"column":54}},"23":{"start":{"line":104,"column":2},"end":{"line":104,"column":53}}},"fnMap":{"0":{"name":"CartPage","decl":{"start":{"line":11,"column":24},"end":{"line":11,"column":32}},"loc":{"start":{"line":11,"column":35},"end":{"line":105,"column":1}},"line":11},"1":{"name":"(anonymous_1)","decl":{"start":{"line":13,"column":68},"end":{"line":13,"column":69}},"loc":{"start":{"line":13,"column":79},"end":{"line":13,"column":89}},"line":13},"2":{"name":"(anonymous_2)","decl":{"start":{"line":14,"column":47},"end":{"line":14,"column":48}},"loc":{"start":{"line":14,"column":58},"end":{"line":14,"column":68}},"line":14},"3":{"name":"(anonymous_3)","decl":{"start":{"line":18,"column":28},"end":{"line":18,"column":29}},"loc":{"start":{"line":18,"column":34},"end":{"line":28,"column":3}},"line":18},"4":{"name":"(anonymous_4)","decl":{"start":{"line":21,"column":12},"end":{"line":21,"column":13}},"loc":{"start":{"line":21,"column":18},"end":{"line":24,"column":7}},"line":21},"5":{"name":"(anonymous_5)","decl":{"start":{"line":25,"column":13},"end":{"line":25,"column":14}},"loc":{"start":{"line":25,"column":25},"end":{"line":27,"column":7}},"line":25},"6":{"name":"(anonymous_6)","decl":{"start":{"line":30,"column":31},"end":{"line":30,"column":32}},"loc":{"start":{"line":30,"column":47},"end":{"line":32,"column":3}},"line":30},"7":{"name":"(anonymous_7)","decl":{"start":{"line":34,"column":27},"end":{"line":34,"column":28}},"loc":{"start":{"line":34,"column":33},"end":{"line":36,"column":3}},"line":34},"8":{"name":"(anonymous_8)","decl":{"start":{"line":38,"column":26},"end":{"line":38,"column":27}},"loc":{"start":{"line":38,"column":80},"end":{"line":41,"column":3}},"line":38},"9":{"name":"(anonymous_9)","decl":{"start":{"line":57,"column":27},"end":{"line":57,"column":28}},"loc":{"start":{"line":57,"column":37},"end":{"line":78,"column":13}},"line":57},"10":{"name":"(anonymous_10)","decl":{"start":{"line":69,"column":31},"end":{"line":69,"column":32}},"loc":{"start":{"line":69,"column":37},"end":{"line":71,"column":23}},"line":69}},"branchMap":{"0":{"loc":{"start":{"line":43,"column":2},"end":{"line":102,"column":6}},"type":"if","locations":[{"start":{"line":43,"column":2},"end":{"line":102,"column":6}},{"start":{},"end":{}}],"line":43},"1":{"loc":{"start":{"line":92,"column":9},"end":{"line":100,"column":9}},"type":"cond-expr","locations":[{"start":{"line":93,"column":10},"end":{"line":95,"column":19}},{"start":{"line":97,"column":10},"end":{"line":99,"column":17}}],"line":92}},"s":{"0":0,"1":0,"2":0,"3":0,"4":0,"5":0,"6":0,"7":0,"8":0,"9":0,"10":0,"11":0,"12":0,"13":0,"14":0,"15":0,"16":0,"17":0,"18":0,"19":0,"20":0,"21":0,"22":0,"23":0},"f":{"0":0,"1":0,"2":0,"3":0,"4":0,"5":0,"6":0,"7":0,"8":0,"9":0,"10":0},"b":{"0":[0,0],"1":[0,0]}}
,"G:\\Прога\\github\\game_store\\src\\pages\\ErrorPage\\ErrorPage.tsx": {"path":"G:\\Прога\\github\\game_store\\src\\pages\\ErrorPage\\ErrorPage.tsx","statementMap":{"0":{"start":{"line":4,"column":2},"end":{"line":12,"column":4}}},"fnMap":{"0":{"name":"ErrorPage","decl":{"start":{"line":3,"column":24},"end":{"line":3,"column":33}},"loc":{"start":{"line":3,"column":36},"end":{"line":13,"column":1}},"line":3}},"branchMap":{},"s":{"0":2},"f":{"0":2},"b":{},"_coverageSchema":"1a1c01bbd47fc00a2c39e90264f33305004495a9","hash":"f5f438a334c722d926fe898da937bdf6ed18d4c2"}
,"G:\\Прога\\github\\game_store\\src\\pages\\HomePage\\HomePage.tsx": {"path":"G:\\Прога\\github\\game_store\\src\\pages\\HomePage\\HomePage.tsx","statementMap":{"0":{"start":{"line":13,"column":28},"end":{"line":13,"column":53}},"1":{"start":{"line":14,"column":32},"end":{"line":14,"column":55}},"2":{"start":{"line":15,"column":38},"end":{"line":15,"column":44}},"3":{"start":{"line":16,"column":19},"end":{"line":16,"column":35}},"4":{"start":{"line":17,"column":2},"end":{"line":32,"column":9}},"5":{"start":{"line":18,"column":4},"end":{"line":31,"column":6}},"6":{"start":{"line":19,"column":6},"end":{"line":23,"column":36}},"7":{"start":{"line":21,"column":10},"end":{"line":21,"column":32}},"8":{"start":{"line":23,"column":22},"end":{"line":23,"column":34}},"9":{"start":{"line":24,"column":6},"end":{"line":30,"column":11}},"10":{"start":{"line":26,"column":10},"end":{"line":26,"column":34}},"11":{"start":{"line":29,"column":10},"end":{"line":29,"column":23}},"12":{"start":{"line":34,"column":2},"end":{"line":41,"column":4}},"13":{"start":{"line":37,"column":65},"end":{"line":37,"column":90}}},"fnMap":{"0":{"name":"HomePage","decl":{"start":{"line":12,"column":9},"end":{"line":12,"column":17}},"loc":{"start":{"line":12,"column":20},"end":{"line":42,"column":1}},"line":12},"1":{"name":"(anonymous_1)","decl":{"start":{"line":17,"column":12},"end":{"line":17,"column":13}},"loc":{"start":{"line":17,"column":18},"end":{"line":32,"column":3}},"line":17},"2":{"name":"(anonymous_2)","decl":{"start":{"line":18,"column":11},"end":{"line":18,"column":12}},"loc":{"start":{"line":18,"column":17},"end":{"line":31,"column":5}},"line":18},"3":{"name":"(anonymous_3)","decl":{"start":{"line":20,"column":14},"end":{"line":20,"column":15}},"loc":{"start":{"line":20,"column":26},"end":{"line":22,"column":9}},"line":20},"4":{"name":"(anonymous_4)","decl":{"start":{"line":23,"column":15},"end":{"line":23,"column":16}},"loc":{"start":{"line":23,"column":22},"end":{"line":23,"column":34}},"line":23},"5":{"name":"(anonymous_5)","decl":{"start":{"line":25,"column":14},"end":{"line":25,"column":15}},"loc":{"start":{"line":25,"column":26},"end":{"line":27,"column":9}},"line":25},"6":{"name":"(anonymous_6)","decl":{"start":{"line":28,"column":15},"end":{"line":28,"column":16}},"loc":{"start":{"line":28,"column":22},"end":{"line":30,"column":9}},"line":28},"7":{"name":"(anonymous_7)","decl":{"start":{"line":37,"column":44},"end":{"line":37,"column":45}},"loc":{"start":{"line":37,"column":65},"end":{"line":37,"column":90}},"line":37}},"branchMap":{},"s":{"0":1,"1":1,"2":1,"3":1,"4":1,"5":1,"6":1,"7":0,"8":0,"9":1,"10":0,"11":0,"12":1,"13":0},"f":{"0":1,"1":1,"2":1,"3":0,"4":0,"5":0,"6":0,"7":0},"b":{},"_coverageSchema":"1a1c01bbd47fc00a2c39e90264f33305004495a9","hash":"d6f21075821671db3b5d79bd4e13f28f1dfdad73"}
,"G:\\Прога\\github\\game_store\\src\\pages\\MineTemplate\\MineTemplate.tsx": {"path":"G:\\Прога\\github\\game_store\\src\\pages\\MineTemplate\\MineTemplate.tsx","statementMap":{"0":{"start":{"line":15,"column":26},"end":{"line":15,"column":32}},"1":{"start":{"line":16,"column":19},"end":{"line":16,"column":35}},"2":{"start":{"line":18,"column":2},"end":{"line":35,"column":9}},"3":{"start":{"line":19,"column":20},"end":{"line":19,"column":36}},"4":{"start":{"line":20,"column":4},"end":{"line":34,"column":5}},"5":{"start":{"line":21,"column":6},"end":{"line":33,"column":8}},"6":{"start":{"line":22,"column":8},"end":{"line":32,"column":13}},"7":{"start":{"line":25,"column":33},"end":{"line":25,"column":44}},"8":{"start":{"line":26,"column":12},"end":{"line":26,"column":54}},"9":{"start":{"line":27,"column":12},"end":{"line":27,"column":56}},"10":{"start":{"line":30,"column":12},"end":{"line":30,"column":30}},"11":{"start":{"line":31,"column":12},"end":{"line":31,"column":21}},"12":{"start":{"line":37,"column":2},"end":{"line":43,"column":4}}},"fnMap":{"0":{"name":"MineTemplate","decl":{"start":{"line":14,"column":24},"end":{"line":14,"column":36}},"loc":{"start":{"line":14,"column":62},"end":{"line":44,"column":1}},"line":14},"1":{"name":"(anonymous_1)","decl":{"start":{"line":18,"column":12},"end":{"line":18,"column":13}},"loc":{"start":{"line":18,"column":18},"end":{"line":35,"column":3}},"line":18},"2":{"name":"(anonymous_2)","decl":{"start":{"line":21,"column":13},"end":{"line":21,"column":14}},"loc":{"start":{"line":21,"column":19},"end":{"line":33,"column":7}},"line":21},"3":{"name":"(anonymous_3)","decl":{"start":{"line":24,"column":16},"end":{"line":24,"column":17}},"loc":{"start":{"line":24,"column":28},"end":{"line":28,"column":11}},"line":24},"4":{"name":"(anonymous_4)","decl":{"start":{"line":29,"column":17},"end":{"line":29,"column":18}},"loc":{"start":{"line":29,"column":29},"end":{"line":32,"column":11}},"line":29}},"branchMap":{"0":{"loc":{"start":{"line":20,"column":4},"end":{"line":34,"column":5}},"type":"if","locations":[{"start":{"line":20,"column":4},"end":{"line":34,"column":5}},{"start":{},"end":{}}],"line":20}},"s":{"0":1,"1":1,"2":1,"3":1,"4":1,"5":0,"6":0,"7":0,"8":0,"9":0,"10":0,"11":0,"12":1},"f":{"0":1,"1":1,"2":0,"3":0,"4":0},"b":{"0":[0,1]},"_coverageSchema":"1a1c01bbd47fc00a2c39e90264f33305004495a9","hash":"8a76e00e1de64fb59721d7e934b846d5705c1831"}
,"G:\\Прога\\github\\game_store\\src\\pages\\ProductsPage\\ProguctsPage.tsx": {"path":"G:\\Прога\\github\\game_store\\src\\pages\\ProductsPage\\ProguctsPage.tsx","statementMap":{"0":{"start":{"line":15,"column":25},"end":{"line":15,"column":46}},"1":{"start":{"line":16,"column":26},"end":{"line":16,"column":59}},"2":{"start":{"line":17,"column":28},"end":{"line":17,"column":40}},"3":{"start":{"line":18,"column":42},"end":{"line":18,"column":58}},"4":{"start":{"line":19,"column":27},"end":{"line":19,"column":33}},"5":{"start":{"line":20,"column":19},"end":{"line":20,"column":35}},"6":{"start":{"line":22,"column":29},"end":{"line":29,"column":3}},"7":{"start":{"line":23,"column":4},"end":{"line":28,"column":34}},"8":{"start":{"line":25,"column":8},"end":{"line":25,"column":30}},"9":{"start":{"line":26,"column":8},"end":{"line":26,"column":32}},"10":{"start":{"line":28,"column":20},"end":{"line":28,"column":32}},"11":{"start":{"line":31,"column":31},"end":{"line":31,"column":67}},"12":{"start":{"line":33,"column":24},"end":{"line":35,"column":3}},"13":{"start":{"line":34,"column":4},"end":{"line":34,"column":35}},"14":{"start":{"line":37,"column":2},"end":{"line":39,"column":15}},"15":{"start":{"line":38,"column":4},"end":{"line":38,"column":46}},"16":{"start":{"line":41,"column":2},"end":{"line":43,"column":13}},"17":{"start":{"line":42,"column":4},"end":{"line":42,"column":27}},"18":{"start":{"line":45,"column":27},"end":{"line":47,"column":3}},"19":{"start":{"line":46,"column":4},"end":{"line":46,"column":30}},"20":{"start":{"line":49,"column":2},"end":{"line":55,"column":4}}},"fnMap":{"0":{"name":"ProguctsPage","decl":{"start":{"line":14,"column":24},"end":{"line":14,"column":36}},"loc":{"start":{"line":14,"column":39},"end":{"line":56,"column":1}},"line":14},"1":{"name":"(anonymous_1)","decl":{"start":{"line":22,"column":29},"end":{"line":22,"column":30}},"loc":{"start":{"line":22,"column":35},"end":{"line":29,"column":3}},"line":22},"2":{"name":"(anonymous_2)","decl":{"start":{"line":24,"column":12},"end":{"line":24,"column":13}},"loc":{"start":{"line":24,"column":24},"end":{"line":27,"column":7}},"line":24},"3":{"name":"(anonymous_3)","decl":{"start":{"line":28,"column":13},"end":{"line":28,"column":14}},"loc":{"start":{"line":28,"column":20},"end":{"line":28,"column":32}},"line":28},"4":{"name":"(anonymous_4)","decl":{"start":{"line":33,"column":24},"end":{"line":33,"column":25}},"loc":{"start":{"line":33,"column":49},"end":{"line":35,"column":3}},"line":33},"5":{"name":"(anonymous_5)","decl":{"start":{"line":37,"column":12},"end":{"line":37,"column":13}},"loc":{"start":{"line":37,"column":18},"end":{"line":39,"column":3}},"line":37},"6":{"name":"(anonymous_6)","decl":{"start":{"line":41,"column":12},"end":{"line":41,"column":13}},"loc":{"start":{"line":41,"column":18},"end":{"line":43,"column":3}},"line":41},"7":{"name":"(anonymous_7)","decl":{"start":{"line":45,"column":27},"end":{"line":45,"column":28}},"loc":{"start":{"line":45,"column":48},"end":{"line":47,"column":3}},"line":45}},"branchMap":{},"s":{"0":0,"1":0,"2":0,"3":0,"4":0,"5":0,"6":0,"7":0,"8":0,"9":0,"10":0,"11":0,"12":0,"13":0,"14":0,"15":0,"16":0,"17":0,"18":0,"19":0,"20":0},"f":{"0":0,"1":0,"2":0,"3":0,"4":0,"5":0,"6":0,"7":0},"b":{}}
,"G:\\Прога\\github\\game_store\\src\\pages\\UserPage\\UserPage.tsx": {"path":"G:\\Прога\\github\\game_store\\src\\pages\\UserPage\\UserPage.tsx","statementMap":{"0":{"start":{"line":15,"column":19},"end":{"line":15,"column":35}},"1":{"start":{"line":16,"column":57},"end":{"line":16,"column":96}},"2":{"start":{"line":16,"column":85},"end":{"line":16,"column":95}},"3":{"start":{"line":17,"column":49},"end":{"line":17,"column":55}},"4":{"start":{"line":19,"column":28},"end":{"line":27,"column":9}},"5":{"start":{"line":20,"column":4},"end":{"line":26,"column":62}},"6":{"start":{"line":23,"column":8},"end":{"line":23,"column":50}},"7":{"start":{"line":24,"column":8},"end":{"line":24,"column":78}},"8":{"start":{"line":26,"column":25},"end":{"line":26,"column":60}},"9":{"start":{"line":29,"column":37},"end":{"line":39,"column":9}},"10":{"start":{"line":30,"column":4},"end":{"line":38,"column":9}},"11":{"start":{"line":33,"column":8},"end":{"line":33,"column":50}},"12":{"start":{"line":34,"column":8},"end":{"line":34,"column":34}},"13":{"start":{"line":37,"column":8},"end":{"line":37,"column":44}},"14":{"start":{"line":41,"column":29},"end":{"line":51,"column":9}},"15":{"start":{"line":42,"column":4},"end":{"line":50,"column":9}},"16":{"start":{"line":45,"column":8},"end":{"line":45,"column":50}},"17":{"start":{"line":46,"column":8},"end":{"line":46,"column":78}},"18":{"start":{"line":49,"column":8},"end":{"line":49,"column":44}},"19":{"start":{"line":53,"column":24},"end":{"line":55,"column":3}},"20":{"start":{"line":54,"column":4},"end":{"line":54,"column":43}},"21":{"start":{"line":56,"column":2},"end":{"line":71,"column":4}}},"fnMap":{"0":{"name":"UserPage","decl":{"start":{"line":14,"column":24},"end":{"line":14,"column":32}},"loc":{"start":{"line":14,"column":35},"end":{"line":72,"column":1}},"line":14},"1":{"name":"(anonymous_1)","decl":{"start":{"line":16,"column":74},"end":{"line":16,"column":75}},"loc":{"start":{"line":16,"column":85},"end":{"line":16,"column":95}},"line":16},"2":{"name":"(anonymous_2)","decl":{"start":{"line":19,"column":40},"end":{"line":19,"column":41}},"loc":{"start":{"line":19,"column":86},"end":{"line":27,"column":3}},"line":19},"3":{"name":"(anonymous_3)","decl":{"start":{"line":22,"column":12},"end":{"line":22,"column":13}},"loc":{"start":{"line":22,"column":24},"end":{"line":25,"column":7}},"line":22},"4":{"name":"(anonymous_4)","decl":{"start":{"line":26,"column":13},"end":{"line":26,"column":14}},"loc":{"start":{"line":26,"column":25},"end":{"line":26,"column":60}},"line":26},"5":{"name":"(anonymous_5)","decl":{"start":{"line":29,"column":49},"end":{"line":29,"column":50}},"loc":{"start":{"line":29,"column":86},"end":{"line":39,"column":3}},"line":29},"6":{"name":"(anonymous_6)","decl":{"start":{"line":32,"column":12},"end":{"line":32,"column":13}},"loc":{"start":{"line":32,"column":24},"end":{"line":35,"column":7}},"line":32},"7":{"name":"(anonymous_7)","decl":{"start":{"line":36,"column":13},"end":{"line":36,"column":14}},"loc":{"start":{"line":36,"column":25},"end":{"line":38,"column":7}},"line":36},"8":{"name":"(anonymous_8)","decl":{"start":{"line":41,"column":41},"end":{"line":41,"column":42}},"loc":{"start":{"line":41,"column":74},"end":{"line":51,"column":3}},"line":41},"9":{"name":"(anonymous_9)","decl":{"start":{"line":44,"column":12},"end":{"line":44,"column":13}},"loc":{"start":{"line":44,"column":24},"end":{"line":47,"column":7}},"line":44},"10":{"name":"(anonymous_10)","decl":{"start":{"line":48,"column":13},"end":{"line":48,"column":14}},"loc":{"start":{"line":48,"column":25},"end":{"line":50,"column":7}},"line":48},"11":{"name":"(anonymous_11)","decl":{"start":{"line":53,"column":24},"end":{"line":53,"column":25}},"loc":{"start":{"line":53,"column":30},"end":{"line":55,"column":3}},"line":53}},"branchMap":{"0":{"loc":{"start":{"line":58,"column":7},"end":{"line":69,"column":7}},"type":"cond-expr","locations":[{"start":{"line":59,"column":8},"end":{"line":66,"column":11}},{"start":{"line":68,"column":8},"end":{"line":68,"column":95}}],"line":58}},"s":{"0":0,"1":0,"2":0,"3":0,"4":0,"5":0,"6":0,"7":0,"8":0,"9":0,"10":0,"11":0,"12":0,"13":0,"14":0,"15":0,"16":0,"17":0,"18":0,"19":0,"20":0,"21":0},"f":{"0":0,"1":0,"2":0,"3":0,"4":0,"5":0,"6":0,"7":0,"8":0,"9":0,"10":0,"11":0},"b":{"0":[0,0]}}
,"G:\\Прога\\github\\game_store\\src\\redux\\store.ts": {"path":"G:\\Прога\\github\\game_store\\src\\redux\\store.ts","statementMap":{"0":{"start":{"line":5,"column":20},"end":{"line":5,"column":93}},"1":{"start":{"line":7,"column":19},"end":{"line":10,"column":4}},"2":{"start":{"line":8,"column":2},"end":{"line":10,"column":4}}},"fnMap":{"0":{"name":"(anonymous_0)","decl":{"start":{"line":7,"column":19},"end":{"line":7,"column":20}},"loc":{"start":{"line":8,"column":2},"end":{"line":10,"column":4}},"line":8}},"branchMap":{},"s":{"0":1,"1":1,"2":1},"f":{"0":1},"b":{},"_coverageSchema":"1a1c01bbd47fc00a2c39e90264f33305004495a9","hash":"654d8d21e0dba82a9a171389ca04d5e4b2912697"}
,"G:\\Прога\\github\\game_store\\src\\redux\\reducers\\cartReducer.ts": {"path":"G:\\Прога\\github\\game_store\\src\\redux\\reducers\\cartReducer.ts","statementMap":{"0":{"start":{"line":6,"column":28},"end":{"line":10,"column":1}},"1":{"start":{"line":12,"column":13},"end":{"line":12,"column":19}},"2":{"start":{"line":14,"column":20},"end":{"line":48,"column":2}},"3":{"start":{"line":19,"column":26},"end":{"line":19,"column":40}},"4":{"start":{"line":20,"column":23},"end":{"line":20,"column":80}},"5":{"start":{"line":20,"column":54},"end":{"line":20,"column":79}},"6":{"start":{"line":21,"column":6},"end":{"line":26,"column":7}},"7":{"start":{"line":22,"column":8},"end":{"line":22,"column":26}},"8":{"start":{"line":24,"column":8},"end":{"line":24,"column":31}},"9":{"start":{"line":25,"column":8},"end":{"line":25,"column":42}},"10":{"start":{"line":27,"column":6},"end":{"line":27,"column":29}},"11":{"start":{"line":30,"column":6},"end":{"line":30,"column":43}},"12":{"start":{"line":31,"column":6},"end":{"line":31,"column":29}},"13":{"start":{"line":34,"column":24},"end":{"line":34,"column":41}},"14":{"start":{"line":35,"column":23},"end":{"line":35,"column":76}},"15":{"start":{"line":35,"column":54},"end":{"line":35,"column":75}},"16":{"start":{"line":36,"column":6},"end":{"line":39,"column":91}},"17":{"start":{"line":39,"column":64},"end":{"line":39,"column":87}},"18":{"start":{"line":40,"column":6},"end":{"line":40,"column":29}},"19":{"start":{"line":43,"column":6},"end":{"line":43,"column":27}},"20":{"start":{"line":44,"column":6},"end":{"line":44,"column":29}},"21":{"start":{"line":46,"column":32},"end":{"line":46,"column":54}},"22":{"start":{"line":50,"column":88},"end":{"line":50,"column":107}}},"fnMap":{"0":{"name":"(anonymous_0)","decl":{"start":{"line":18,"column":15},"end":{"line":18,"column":16}},"loc":{"start":{"line":18,"column":67},"end":{"line":28,"column":5}},"line":18},"1":{"name":"(anonymous_1)","decl":{"start":{"line":20,"column":44},"end":{"line":20,"column":45}},"loc":{"start":{"line":20,"column":54},"end":{"line":20,"column":79}},"line":20},"2":{"name":"(anonymous_2)","decl":{"start":{"line":29,"column":20},"end":{"line":29,"column":21}},"loc":{"start":{"line":29,"column":77},"end":{"line":32,"column":5}},"line":29},"3":{"name":"(anonymous_3)","decl":{"start":{"line":33,"column":26},"end":{"line":33,"column":27}},"loc":{"start":{"line":33,"column":83},"end":{"line":41,"column":5}},"line":33},"4":{"name":"(anonymous_4)","decl":{"start":{"line":35,"column":44},"end":{"line":35,"column":45}},"loc":{"start":{"line":35,"column":54},"end":{"line":35,"column":75}},"line":35},"5":{"name":"(anonymous_5)","decl":{"start":{"line":39,"column":54},"end":{"line":39,"column":55}},"loc":{"start":{"line":39,"column":64},"end":{"line":39,"column":87}},"line":39},"6":{"name":"(anonymous_6)","decl":{"start":{"line":42,"column":15},"end":{"line":42,"column":16}},"loc":{"start":{"line":42,"column":33},"end":{"line":45,"column":5}},"line":42},"7":{"name":"(anonymous_7)","decl":{"start":{"line":46,"column":14},"end":{"line":46,"column":15}},"loc":{"start":{"line":46,"column":32},"end":{"line":46,"column":54}},"line":46}},"branchMap":{"0":{"loc":{"start":{"line":21,"column":6},"end":{"line":26,"column":7}},"type":"if","locations":[{"start":{"line":21,"column":6},"end":{"line":26,"column":7}},{"start":{"line":23,"column":13},"end":{"line":26,"column":7}}],"line":21},"1":{"loc":{"start":{"line":36,"column":6},"end":{"line":39,"column":90}},"type":"binary-expr","locations":[{"start":{"line":36,"column":6},"end":{"line":36,"column":14}},{"start":{"line":37,"column":9},"end":{"line":39,"column":89}}],"line":36},"2":{"loc":{"start":{"line":37,"column":9},"end":{"line":39,"column":89}},"type":"cond-expr","locations":[{"start":{"line":38,"column":12},"end":{"line":38,"column":29}},{"start":{"line":39,"column":13},"end":{"line":39,"column":88}}],"line":37}},"s":{"0":1,"1":1,"2":1,"3":0,"4":0,"5":0,"6":0,"7":0,"8":0,"9":0,"10":0,"11":0,"12":0,"13":0,"14":0,"15":0,"16":0,"17":0,"18":0,"19":0,"20":0,"21":0,"22":1},"f":{"0":0,"1":0,"2":0,"3":0,"4":0,"5":0,"6":0,"7":0},"b":{"0":[0,0],"1":[0,0],"2":[0,0]},"_coverageSchema":"1a1c01bbd47fc00a2c39e90264f33305004495a9","hash":"006d00db911d25eb631c95cf2f453230d753270f"}
,"G:\\Прога\\github\\game_store\\src\\redux\\reducers\\userReducer.ts": {"path":"G:\\Прога\\github\\game_store\\src\\redux\\reducers\\userReducer.ts","statementMap":{"0":{"start":{"line":6,"column":13},"end":{"line":6,"column":19}},"1":{"start":{"line":8,"column":21},"end":{"line":14,"column":1}},"2":{"start":{"line":16,"column":32},"end":{"line":21,"column":1}},"3":{"start":{"line":19,"column":4},"end":{"line":19,"column":20}},"4":{"start":{"line":23,"column":35},"end":{"line":25,"column":2}},"5":{"start":{"line":24,"column":2},"end":{"line":24,"column":11}},"6":{"start":{"line":27,"column":20},"end":{"line":47,"column":2}},"7":{"start":{"line":35,"column":54},"end":{"line":35,"column":68}},"8":{"start":{"line":36,"column":6},"end":{"line":36,"column":108}},"9":{"start":{"line":40,"column":4},"end":{"line":45,"column":9}},"10":{"start":{"line":41,"column":6},"end":{"line":41,"column":25}},"11":{"start":{"line":44,"column":8},"end":{"line":44,"column":28}},"12":{"start":{"line":51,"column":31},"end":{"line":51,"column":50}}},"fnMap":{"0":{"name":"(anonymous_0)","decl":{"start":{"line":18,"column":2},"end":{"line":18,"column":3}},"loc":{"start":{"line":18,"column":42},"end":{"line":20,"column":3}},"line":18},"1":{"name":"(anonymous_1)","decl":{"start":{"line":23,"column":96},"end":{"line":23,"column":97}},"loc":{"start":{"line":23,"column":102},"end":{"line":25,"column":1}},"line":23},"2":{"name":"(anonymous_2)","decl":{"start":{"line":31,"column":17},"end":{"line":31,"column":18}},"loc":{"start":{"line":34,"column":9},"end":{"line":37,"column":5}},"line":34},"3":{"name":"(anonymous_3)","decl":{"start":{"line":39,"column":17},"end":{"line":39,"column":18}},"loc":{"start":{"line":39,"column":30},"end":{"line":46,"column":3}},"line":39},"4":{"name":"(anonymous_4)","decl":{"start":{"line":40,"column":55},"end":{"line":40,"column":56}},"loc":{"start":{"line":40,"column":73},"end":{"line":42,"column":5}},"line":40},"5":{"name":"(anonymous_5)","decl":{"start":{"line":43,"column":60},"end":{"line":43,"column":61}},"loc":{"start":{"line":43,"column":78},"end":{"line":45,"column":7}},"line":43}},"branchMap":{},"s":{"0":1,"1":1,"2":1,"3":0,"4":1,"5":0,"6":1,"7":0,"8":0,"9":1,"10":0,"11":0,"12":1},"f":{"0":0,"1":0,"2":0,"3":1,"4":0,"5":0},"b":{},"_coverageSchema":"1a1c01bbd47fc00a2c39e90264f33305004495a9","hash":"da9575b98ef0011bdbd55b83234d72d4a28de60c"}
,"G:\\Прога\\github\\game_store\\src\\redux\\reducers\\handlers\\getTotalHandler.ts": {"path":"G:\\Прога\\github\\game_store\\src\\redux\\reducers\\handlers\\getTotalHandler.ts","statementMap":{"0":{"start":{"line":3,"column":31},"end":{"line":16,"column":1}},"1":{"start":{"line":4,"column":40},"end":{"line":13,"column":3}},"2":{"start":{"line":6,"column":32},"end":{"line":6,"column":40}},"3":{"start":{"line":7,"column":6},"end":{"line":7,"column":45}},"4":{"start":{"line":8,"column":6},"end":{"line":8,"column":73}},"5":{"start":{"line":9,"column":6},"end":{"line":9,"column":40}},"6":{"start":{"line":10,"column":6},"end":{"line":10,"column":23}},"7":{"start":{"line":14,"column":2},"end":{"line":14,"column":32}},"8":{"start":{"line":15,"column":2},"end":{"line":15,"column":38}}},"fnMap":{"0":{"name":"(anonymous_0)","decl":{"start":{"line":3,"column":31},"end":{"line":3,"column":32}},"loc":{"start":{"line":3,"column":49},"end":{"line":16,"column":1}},"line":3},"1":{"name":"(anonymous_1)","decl":{"start":{"line":5,"column":4},"end":{"line":5,"column":5}},"loc":{"start":{"line":5,"column":29},"end":{"line":11,"column":5}},"line":5}},"branchMap":{},"s":{"0":1,"1":0,"2":0,"3":0,"4":0,"5":0,"6":0,"7":0,"8":0},"f":{"0":0,"1":0},"b":{},"_coverageSchema":"1a1c01bbd47fc00a2c39e90264f33305004495a9","hash":"a3a60dc59a27b5a04ed866fec6e4009c2c35d2c0"}
,"G:\\Прога\\github\\game_store\\src\\redux\\reducers\\handlers\\removeFromCartHandler.ts": {"path":"G:\\Прога\\github\\game_store\\src\\redux\\reducers\\handlers\\removeFromCartHandler.ts","statementMap":{"0":{"start":{"line":4,"column":37},"end":{"line":7,"column":1}},"1":{"start":{"line":5,"column":20},"end":{"line":5,"column":37}},"2":{"start":{"line":6,"column":2},"end":{"line":6,"column":76}},"3":{"start":{"line":6,"column":53},"end":{"line":6,"column":74}}},"fnMap":{"0":{"name":"(anonymous_0)","decl":{"start":{"line":4,"column":37},"end":{"line":4,"column":38}},"loc":{"start":{"line":4,"column":94},"end":{"line":7,"column":1}},"line":4},"1":{"name":"(anonymous_1)","decl":{"start":{"line":6,"column":43},"end":{"line":6,"column":44}},"loc":{"start":{"line":6,"column":53},"end":{"line":6,"column":74}},"line":6}},"branchMap":{},"s":{"0":1,"1":0,"2":0,"3":0},"f":{"0":0,"1":0},"b":{},"_coverageSchema":"1a1c01bbd47fc00a2c39e90264f33305004495a9","hash":"93d68dfb5069989fdc82eb94ee046939b408aff6"}
,"G:\\Прога\\github\\game_store\\src\\router\\AppRouter.tsx": {"path":"G:\\Прога\\github\\game_store\\src\\router\\AppRouter.tsx","statementMap":{"0":{"start":{"line":5,"column":2},"end":{"line":11,"column":4}},"1":{"start":{"line":8,"column":8},"end":{"line":8,"column":89}}},"fnMap":{"0":{"name":"AppRouter","decl":{"start":{"line":4,"column":24},"end":{"line":4,"column":33}},"loc":{"start":{"line":4,"column":36},"end":{"line":12,"column":1}},"line":4},"1":{"name":"(anonymous_1)","decl":{"start":{"line":7,"column":18},"end":{"line":7,"column":19}},"loc":{"start":{"line":7,"column":28},"end":{"line":9,"column":7}},"line":7}},"branchMap":{},"s":{"0":1,"1":5},"f":{"0":1,"1":5},"b":{},"_coverageSchema":"1a1c01bbd47fc00a2c39e90264f33305004495a9","hash":"c528bd55b723f56988e9e9f55315d56b4ea88d49"}
,"G:\\Прога\\github\\game_store\\src\\services\\auth.service.ts": {"path":"G:\\Прога\\github\\game_store\\src\\services\\auth.service.ts","statementMap":{"0":{"start":{"line":1,"column":16},"end":{"line":1,"column":22}},"1":{"start":{"line":3,"column":14},"end":{"line":3,"column":75}},"2":{"start":{"line":3,"column":36},"end":{"line":3,"column":75}},"3":{"start":{"line":5,"column":15},"end":{"line":5,"column":53}},"4":{"start":{"line":5,"column":21},"end":{"line":5,"column":53}},"5":{"start":{"line":7,"column":23},"end":{"line":7,"column":58}},"6":{"start":{"line":7,"column":29},"end":{"line":7,"column":58}}},"fnMap":{"0":{"name":"(anonymous_0)","decl":{"start":{"line":3,"column":14},"end":{"line":3,"column":15}},"loc":{"start":{"line":3,"column":36},"end":{"line":3,"column":75}},"line":3},"1":{"name":"(anonymous_1)","decl":{"start":{"line":5,"column":15},"end":{"line":5,"column":16}},"loc":{"start":{"line":5,"column":21},"end":{"line":5,"column":53}},"line":5},"2":{"name":"(anonymous_2)","decl":{"start":{"line":7,"column":23},"end":{"line":7,"column":24}},"loc":{"start":{"line":7,"column":29},"end":{"line":7,"column":58}},"line":7}},"branchMap":{},"s":{"0":1,"1":1,"2":0,"3":1,"4":0,"5":1,"6":1},"f":{"0":0,"1":0,"2":1},"b":{},"_coverageSchema":"1a1c01bbd47fc00a2c39e90264f33305004495a9","hash":"ee3cab1d0e5ed38fb874d189e1b7cd20631f9b99"}
}
